<<<<<<< HEAD
#-----------------------------------------------------------
# Vivado v2019.2 (64-bit)
# SW Build 2708876 on Wed Nov  6 21:40:23 MST 2019
# IP Build 2700528 on Thu Nov  7 00:09:20 MST 2019
# Start of session at: Sun Sep  3 14:57:08 2023
# Process ID: 16568
# Current directory: C:/Users/blessing software/Desktop/single_cycle/single_cycle
# Command line: vivado.exe -gui_launcher_event rodinguilauncherevent19232 C:\Users\blessing software\Desktop\single_cycle\single_cycle\single_cycle.xpr
# Log file: C:/Users/blessing software/Desktop/single_cycle/single_cycle/vivado.log
# Journal file: C:/Users/blessing software/Desktop/single_cycle/single_cycle\vivado.jou
#-----------------------------------------------------------
start_gui
open_project {C:/Users/blessing software/Desktop/single_cycle/single_cycle/single_cycle.xpr}
Scanning sources...
Finished scanning sources
WARNING: [filemgmt 56-3] IP Output Repository Path: Could not find the directory 'E:/ZZZ/lab3/single_cycle/single_cycle.cache/ip'.
INFO: [IP_Flow 19-234] Refreshing IP repositories
INFO: [IP_Flow 19-1704] No user IP repositories specified
INFO: [IP_Flow 19-2313] Loaded Vivado IP repository 'C:/Xilinx/Vivado/2019.2/data/ip'.
update_compile_order -fileset sources_1
exit
INFO: [Common 17-206] Exiting Vivado at Sun Sep  3 15:48:49 2023...
=======
>>>>>>> 4c48aea4f6a93725b0c1b369e5f6b065e4d0bfb2
