#-----------------------------------------------------------
# Vivado v2019.2 (64-bit)
# SW Build 2708876 on Wed Nov  6 21:40:23 MST 2019
# IP Build 2700528 on Thu Nov  7 00:09:20 MST 2019
# Start of session at: Tue Sep  5 18:25:08 2023
# Process ID: 15192
# Current directory: C:/Users/blessing software/Desktop/single_cycle/single_cycle
# Command line: vivado.exe -gui_launcher_event rodinguilauncherevent14600 C:\Users\blessing software\Desktop\single_cycle\single_cycle\single_cycle.xpr
# Log file: C:/Users/blessing software/Desktop/single_cycle/single_cycle/vivado.log
# Journal file: C:/Users/blessing software/Desktop/single_cycle/single_cycle\vivado.jou
#-----------------------------------------------------------
start_gui
open_project {C:/Users/blessing software/Desktop/single_cycle/single_cycle/single_cycle.xpr}
Scanning sources...
Finished scanning sources
WARNING: [filemgmt 56-3] IP Output Repository Path: Could not find the directory 'E:/ZZZ/lab3/single_cycle/single_cycle.cache/ip'.
INFO: [IP_Flow 19-234] Refreshing IP repositories
INFO: [IP_Flow 19-1704] No user IP repositories specified
INFO: [IP_Flow 19-2313] Loaded Vivado IP repository 'C:/Xilinx/Vivado/2019.2/data/ip'.
open_project: Time (s): cpu = 00:00:11 ; elapsed = 00:00:47 . Memory (MB): peak = 753.348 ; gain = 136.375
update_compile_order -fileset sources_1
launch_simulation
Command: launch_simulation 
INFO: [Vivado 12-5698] Checking validity of IPs in the design for the 'XSim' simulator...
INFO: [Vivado 12-5682] Launching behavioral simulation in 'C:/Users/blessing software/Desktop/single_cycle/single_cycle/single_cycle.sim/sim_1/behav/xsim'
INFO: [Vivado 12-4795] Using compiled simulation libraries for IPs
INFO: [SIM-utils-51] Simulation object is 'sim_1'
INFO: [USF-XSim-7] Finding pre-compiled libraries...
INFO: [USF-XSim-11] File 'C:/Xilinx/Vivado/2019.2/data/xsim/xsim.ini' copied to run dir:'C:/Users/blessing software/Desktop/single_cycle/single_cycle/single_cycle.sim/sim_1/behav/xsim'
INFO: [SIM-utils-54] Inspecting design source files for 'testbench' in fileset 'sim_1'...
INFO: [SIM-utils-43] Exported 'C:/Users/blessing software/Desktop/single_cycle/single_cycle/single_cycle.sim/sim_1/behav/xsim/inst_rom.mif'
INFO: [SIM-utils-43] Exported 'C:/Users/blessing software/Desktop/single_cycle/single_cycle/single_cycle.sim/sim_1/behav/xsim/test1.hex.coe'
INFO: [SIM-utils-43] Exported 'C:/Users/blessing software/Desktop/single_cycle/single_cycle/single_cycle.sim/sim_1/behav/xsim/cpu_test.hex.coe'
INFO: [SIM-utils-43] Exported 'C:/Users/blessing software/Desktop/single_cycle/single_cycle/single_cycle.sim/sim_1/behav/xsim/led_test.hex.coe'
INFO: [USF-XSim-97] Finding global include files...
INFO: [USF-XSim-98] Fetching design files from 'sim_1'...
INFO: [USF-XSim-2] XSim::Compile design
INFO: [USF-XSim-61] Executing 'COMPILE and ANALYZE' step in 'C:/Users/blessing software/Desktop/single_cycle/single_cycle/single_cycle.sim/sim_1/behav/xsim'
"xvlog --incr --relax -prj testbench_vlog.prj"
INFO: [USF-XSim-69] 'compile' step finished in '5' seconds
INFO: [USF-XSim-3] XSim::Elaborate design
INFO: [USF-XSim-61] Executing 'ELABORATE' step in 'C:/Users/blessing software/Desktop/single_cycle/single_cycle/single_cycle.sim/sim_1/behav/xsim'
"xelab -wto 21844a1d0b9347799920aee397ed6ba5 --incr --debug typical --relax --mt 2 -L dist_mem_gen_v8_0_13 -L xil_defaultlib -L unisims_ver -L unimacro_ver -L secureip -L xpm --snapshot testbench_behav xil_defaultlib.testbench xil_defaultlib.glbl -log elaborate.log"
Vivado Simulator 2019.2
Copyright 1986-1999, 2001-2019 Xilinx, Inc. All Rights Reserved.
Running: C:/Xilinx/Vivado/2019.2/bin/unwrapped/win64.o/xelab.exe -wto 21844a1d0b9347799920aee397ed6ba5 --incr --debug typical --relax --mt 2 -L dist_mem_gen_v8_0_13 -L xil_defaultlib -L unisims_ver -L unimacro_ver -L secureip -L xpm --snapshot testbench_behav xil_defaultlib.testbench xil_defaultlib.glbl -log elaborate.log 
Using 2 slave threads.
Starting static elaboration
Pass Through NonSizing Optimizer
WARNING: [VRFC 10-3091] actual bit length 32 differs from formal bit length 5 for port '_reg_wa' [C:/Users/blessing software/Desktop/single_cycle/single_cycle/single_cycle.srcs/sources_1/new/myCPU/riscv_top.v:240]
WARNING: [VRFC 10-3091] actual bit length 32 differs from formal bit length 5 for port 'reg_wa' [C:/Users/blessing software/Desktop/single_cycle/single_cycle/single_cycle.srcs/sources_1/new/myCPU/riscv_top.v:261]
WARNING: [VRFC 10-5021] port 'switch' is not connected on this instance [C:/Users/blessing software/Desktop/single_cycle/single_cycle/single_cycle.srcs/sim_1/new/testbench.v:13]
Completed static elaboration
INFO: [XSIM 43-4323] No Change in HDL. Linking previously generated obj files to create kernel
run_program: Time (s): cpu = 00:00:00 ; elapsed = 00:00:06 . Memory (MB): peak = 767.254 ; gain = 0.000
INFO: [USF-XSim-69] 'elaborate' step finished in '6' seconds
INFO: [USF-XSim-4] XSim::Simulate design
INFO: [USF-XSim-61] Executing 'SIMULATE' step in 'C:/Users/blessing software/Desktop/single_cycle/single_cycle/single_cycle.sim/sim_1/behav/xsim'
INFO: [USF-XSim-98] *** Running xsim
   with args "testbench_behav -key {Behavioral:sim_1:Functional:testbench} -tclbatch {testbench.tcl} -view {{C:/Users/blessing software/Desktop/single_cycle/single_cycle/testbench_behav.wcfg}} -log {simulate.log}"
INFO: [USF-XSim-8] Loading simulator feature
Vivado Simulator 2019.2
Time resolution is 1 ps
open_wave_config {C:/Users/blessing software/Desktop/single_cycle/single_cycle/testbench_behav.wcfg}
source testbench.tcl
# set curr_wave [current_wave_config]
# if { [string length $curr_wave] == 0 } {
#   if { [llength [get_objects]] > 0} {
#     add_wave /
#     set_property needs_save false [current_wave_config]
#   } else {
#      send_msg_id Add_Wave-1 WARNING "No top level signals found. Simulator will start without a wave window. If you want to open a wave window go to 'File->New Waveform Configuration' or type 'create_wave_config' in the TCL console."
#   }
# }
# log_wave -r /
# run 1000ns
WARNING: This core is supplied with a behavioral model. To model cycle-accurate behavior you must run timing simulation.
WARNING: This core is supplied with a behavioral model. To model cycle-accurate behavior you must run timing simulation.
xsim: Time (s): cpu = 00:00:07 ; elapsed = 00:00:06 . Memory (MB): peak = 786.980 ; gain = 12.715
INFO: [USF-XSim-96] XSim completed. Design snapshot 'testbench_behav' loaded.
INFO: [USF-XSim-97] XSim simulation ran for 1000ns
launch_simulation: Time (s): cpu = 00:00:10 ; elapsed = 00:00:26 . Memory (MB): peak = 786.980 ; gain = 19.727
close_sim
INFO: [Simtcl 6-16] Simulation closed
exit
INFO: [Common 17-206] Exiting Vivado at Tue Sep  5 18:33:10 2023...
