#-----------------------------------------------------------
# Vivado v2019.2 (64-bit)
# SW Build 2708876 on Wed Nov  6 21:40:23 MST 2019
# IP Build 2700528 on Thu Nov  7 00:09:20 MST 2019
# Start of session at: Tue Sep  5 21:13:55 2023
# Process ID: 11328
# Current directory: C:/Users/blessing software/Desktop/single_cycle/single_cycle
# Command line: vivado.exe -gui_launcher_event rodinguilauncherevent3888 C:\Users\blessing software\Desktop\single_cycle\single_cycle\single_cycle.xpr
# Log file: C:/Users/blessing software/Desktop/single_cycle/single_cycle/vivado.log
# Journal file: C:/Users/blessing software/Desktop/single_cycle/single_cycle\vivado.jou
#-----------------------------------------------------------
start_gui
open_project {C:/Users/blessing software/Desktop/single_cycle/single_cycle/single_cycle.xpr}
Scanning sources...
Finished scanning sources
WARNING: [filemgmt 56-3] IP Output Repository Path: Could not find the directory 'E:/ZZZ/lab3/single_cycle/single_cycle.cache/ip'.
INFO: [IP_Flow 19-234] Refreshing IP repositories
INFO: [IP_Flow 19-1704] No user IP repositories specified
INFO: [IP_Flow 19-2313] Loaded Vivado IP repository 'C:/Xilinx/Vivado/2019.2/data/ip'.
open_project: Time (s): cpu = 00:00:10 ; elapsed = 00:00:31 . Memory (MB): peak = 744.340 ; gain = 135.566
update_compile_order -fileset sources_1
